<?xml version="1.0" encoding="UTF-8"?>
<!-- Generated by org.testng.reporters.JUnitXMLReporter -->
<testsuite ignored="0" hostname="DESKTOP-3GVGHVT" failures="0" tests="4" name="Default test" time="18.179" errors="0" timestamp="2024-10-26T03:08:59 EDT">
  <testcase classname="TC05_PositivePerformanceTest" name="testValidLogin" time="5.497"/>
  <testcase classname="TC05_PositivePerformanceTest" name="loginInput" time="7.162"/>
  <testcase classname="TC05_PositivePerformanceTest" name="Login" time="2.06"/>
  <testcase classname="TC05_PositivePerformanceTest" name="performance" time="1.024"/>
</testsuite> <!-- Default test -->
