<?xml version="1.0" encoding="UTF-8"?>
<!-- Generated by org.testng.reporters.JUnitXMLReporter -->
<testsuite ignored="0" hostname="DESKTOP-3GVGHVT" failures="0" tests="3" name="Default test" time="15.713" errors="0" timestamp="2024-10-06T08:14:48 EDT">
  <testcase classname="TC01_FunctionalTest_Positive" name="testValidLogin" time="5.326"/>
  <testcase classname="TC01_FunctionalTest_Positive" name="loginInput" time="5.157"/>
  <testcase classname="TC01_FunctionalTest_Positive" name="Login" time="2.061"/>
</testsuite> <!-- Default test -->
