<?xml version="1.0" encoding="UTF-8"?>
<testng-results ignored="0" total="2" passed="2" failed="0" skipped="0">
  <reporter-output>
  </reporter-output>
  <suite started-at="2024-10-26T03:40:34 EDT" name="Default suite" finished-at="2024-10-26T03:40:42 EDT" duration-ms="8266">
    <groups>
    </groups>
    <test started-at="2024-10-26T03:40:34 EDT" name="Default test" finished-at="2024-10-26T03:40:42 EDT" duration-ms="8266">
      <class name="TC07_UsabilityTest">
        <test-method is-config="true" signature="setup()[pri:0, instance:TC07_UsabilityTest@5149d738]" started-at="2024-10-26T03:40:34 EDT" name="setup" finished-at="2024-10-26T03:40:36 EDT" duration-ms="2615" status="PASS">
          <reporter-output>
          </reporter-output>
        </test-method> <!-- setup -->
        <test-method signature="testValidLogin()[pri:1, instance:TC07_UsabilityTest@5149d738]" started-at="2024-10-26T03:40:36 EDT" name="testValidLogin" finished-at="2024-10-26T03:40:42 EDT" duration-ms="5573" status="PASS">
          <reporter-output>
          </reporter-output>
        </test-method> <!-- testValidLogin -->
        <test-method signature="loginButton()[pri:2, instance:TC07_UsabilityTest@5149d738]" started-at="2024-10-26T03:40:42 EDT" name="loginButton" finished-at="2024-10-26T03:40:42 EDT" duration-ms="26" status="PASS">
          <reporter-output>
          </reporter-output>
        </test-method> <!-- loginButton -->
        <test-method is-config="true" signature="teardown()[pri:0, instance:TC07_UsabilityTest@5149d738]" started-at="2024-10-26T03:40:42 EDT" name="teardown" finished-at="2024-10-26T03:40:42 EDT" duration-ms="0" status="PASS">
          <reporter-output>
          </reporter-output>
        </test-method> <!-- teardown -->
      </class> <!-- TC07_UsabilityTest -->
    </test> <!-- Default test -->
  </suite> <!-- Default suite -->
</testng-results>
