<?xml version="1.0" encoding="UTF-8"?>
<testng-results ignored="0" total="2" passed="2" failed="0" skipped="0">
  <reporter-output>
  </reporter-output>
  <suite started-at="2024-10-08T16:01:54 EDT" name="Default suite" finished-at="2024-10-08T16:02:02 EDT" duration-ms="8585">
    <groups>
    </groups>
    <test started-at="2024-10-08T16:01:54 EDT" name="Default test" finished-at="2024-10-08T16:02:02 EDT" duration-ms="8585">
      <class name="TC03_UITest">
        <test-method is-config="true" signature="setup()[pri:0, instance:TC03_UITest@663c9e7a]" started-at="2024-10-08T16:01:54 EDT" name="setup" finished-at="2024-10-08T16:01:57 EDT" duration-ms="2858" status="PASS">
          <reporter-output>
          </reporter-output>
        </test-method> <!-- setup -->
        <test-method signature="verifyLoginButtonVisibilityAndAlignment()[pri:0, instance:TC03_UITest@663c9e7a]" started-at="2024-10-08T16:01:57 EDT" name="verifyLoginButtonVisibilityAndAlignment" finished-at="2024-10-08T16:01:57 EDT" duration-ms="124" status="PASS">
          <reporter-output>
          </reporter-output>
        </test-method> <!-- verifyLoginButtonVisibilityAndAlignment -->
        <test-method signature="testinValidLogin()[pri:1, instance:TC03_UITest@663c9e7a]" started-at="2024-10-08T16:01:57 EDT" name="testinValidLogin" finished-at="2024-10-08T16:02:02 EDT" duration-ms="5326" status="PASS">
          <reporter-output>
          </reporter-output>
        </test-method> <!-- testinValidLogin -->
        <test-method is-config="true" signature="teardown()[pri:0, instance:TC03_UITest@663c9e7a]" started-at="2024-10-08T16:02:02 EDT" name="teardown" finished-at="2024-10-08T16:02:02 EDT" duration-ms="218" status="PASS">
          <reporter-output>
          </reporter-output>
        </test-method> <!-- teardown -->
      </class> <!-- TC03_UITest -->
    </test> <!-- Default test -->
  </suite> <!-- Default suite -->
</testng-results>
